<?xml version="1.0" encoding="UTF-8"?>
<testsuites tests="112" failures="19" disabled="0" errors="0" time="18.052" timestamp="2025-06-17T22:40:22.586" name="AllTests">
  <testsuite name="VoxelTypesTest" tests="13" failures="0" disabled="0" skipped="0" errors="0" time="0" timestamp="2025-06-17T22:40:22.586">
    <testcase name="VoxelResolutionValues" file="/Users/michaelhalloran/cube_edit/core/voxel_data/tests/test_VoxelTypes.cpp" line="17" status="run" result="completed" time="0" timestamp="2025-06-17T22:40:22.586" classname="VoxelTypesTest" />
    <testcase name="VoxelResolutionNames" file="/Users/michaelhalloran/cube_edit/core/voxel_data/tests/test_VoxelTypes.cpp" line="24" status="run" result="completed" time="0" timestamp="2025-06-17T22:40:22.586" classname="VoxelTypesTest" />
    <testcase name="ResolutionValidation" file="/Users/michaelhalloran/cube_edit/core/voxel_data/tests/test_VoxelTypes.cpp" line="30" status="run" result="completed" time="0" timestamp="2025-06-17T22:40:22.586" classname="VoxelTypesTest" />
    <testcase name="VoxelPositionConstruction" file="/Users/michaelhalloran/cube_edit/core/voxel_data/tests/test_VoxelTypes.cpp" line="37" status="run" result="completed" time="0" timestamp="2025-06-17T22:40:22.586" classname="VoxelTypesTest" />
    <testcase name="WorldSpaceConversion" file="/Users/michaelhalloran/cube_edit/core/voxel_data/tests/test_VoxelTypes.cpp" line="51" status="run" result="completed" time="0" timestamp="2025-06-17T22:40:22.586" classname="VoxelTypesTest" />
    <testcase name="WorldSpaceConversionLargerVoxels" file="/Users/michaelhalloran/cube_edit/core/voxel_data/tests/test_VoxelTypes.cpp" line="66" status="run" result="completed" time="0" timestamp="2025-06-17T22:40:22.586" classname="VoxelTypesTest" />
    <testcase name="VoxelBounds" file="/Users/michaelhalloran/cube_edit/core/voxel_data/tests/test_VoxelTypes.cpp" line="76" status="run" result="completed" time="0" timestamp="2025-06-17T22:40:22.586" classname="VoxelTypesTest" />
    <testcase name="VoxelPositionEquality" file="/Users/michaelhalloran/cube_edit/core/voxel_data/tests/test_VoxelTypes.cpp" line="90" status="run" result="completed" time="0" timestamp="2025-06-17T22:40:22.586" classname="VoxelTypesTest" />
    <testcase name="VoxelPositionHash" file="/Users/michaelhalloran/cube_edit/core/voxel_data/tests/test_VoxelTypes.cpp" line="101" status="run" result="completed" time="0" timestamp="2025-06-17T22:40:22.586" classname="VoxelTypesTest" />
    <testcase name="WorkspaceConstraints" file="/Users/michaelhalloran/cube_edit/core/voxel_data/tests/test_VoxelTypes.cpp" line="112" status="run" result="completed" time="0" timestamp="2025-06-17T22:40:22.586" classname="VoxelTypesTest" />
    <testcase name="GridDimensionCalculation" file="/Users/michaelhalloran/cube_edit/core/voxel_data/tests/test_VoxelTypes.cpp" line="126" status="run" result="completed" time="0" timestamp="2025-06-17T22:40:22.586" classname="VoxelTypesTest" />
    <testcase name="Resolution8cmValidation" file="/Users/michaelhalloran/cube_edit/core/voxel_data/tests/test_VoxelTypes.cpp" line="138" status="run" result="completed" time="0" timestamp="2025-06-17T22:40:22.586" classname="VoxelTypesTest" />
    <testcase name="PositionBoundsChecking" file="/Users/michaelhalloran/cube_edit/core/voxel_data/tests/test_VoxelTypes.cpp" line="166" status="run" result="completed" time="0" timestamp="2025-06-17T22:40:22.586" classname="VoxelTypesTest" />
  </testsuite>
  <testsuite name="SparseOctreeTest" tests="14" failures="0" disabled="0" skipped="0" errors="0" time="0.155" timestamp="2025-06-17T22:40:22.586">
    <testcase name="DefaultConstruction" file="/Users/michaelhalloran/cube_edit/core/voxel_data/tests/test_SparseOctree.cpp" line="20" status="run" result="completed" time="0" timestamp="2025-06-17T22:40:22.586" classname="SparseOctreeTest" />
    <testcase name="CustomDepthConstruction" file="/Users/michaelhalloran/cube_edit/core/voxel_data/tests/test_SparseOctree.cpp" line="33" status="run" result="completed" time="0" timestamp="2025-06-17T22:40:22.586" classname="SparseOctreeTest" />
    <testcase name="SingleVoxelOperations" file="/Users/michaelhalloran/cube_edit/core/voxel_data/tests/test_SparseOctree.cpp" line="41" status="run" result="completed" time="0" timestamp="2025-06-17T22:40:22.586" classname="SparseOctreeTest" />
    <testcase name="MultipleVoxelOperations" file="/Users/michaelhalloran/cube_edit/core/voxel_data/tests/test_SparseOctree.cpp" line="60" status="run" result="completed" time="0" timestamp="2025-06-17T22:40:22.586" classname="SparseOctreeTest" />
    <testcase name="NegativeCoordinates" file="/Users/michaelhalloran/cube_edit/core/voxel_data/tests/test_SparseOctree.cpp" line="98" status="run" result="completed" time="0" timestamp="2025-06-17T22:40:22.586" classname="SparseOctreeTest" />
    <testcase name="LargeCoordinates" file="/Users/michaelhalloran/cube_edit/core/voxel_data/tests/test_SparseOctree.cpp" line="118" status="run" result="completed" time="0" timestamp="2025-06-17T22:40:22.587" classname="SparseOctreeTest" />
    <testcase name="RedundantOperations" file="/Users/michaelhalloran/cube_edit/core/voxel_data/tests/test_SparseOctree.cpp" line="151" status="run" result="completed" time="0" timestamp="2025-06-17T22:40:22.587" classname="SparseOctreeTest" />
    <testcase name="ClearOperation" file="/Users/michaelhalloran/cube_edit/core/voxel_data/tests/test_SparseOctree.cpp" line="175" status="run" result="completed" time="0" timestamp="2025-06-17T22:40:22.587" classname="SparseOctreeTest" />
    <testcase name="OptimizationOperation" file="/Users/michaelhalloran/cube_edit/core/voxel_data/tests/test_SparseOctree.cpp" line="198" status="run" result="completed" time="0" timestamp="2025-06-17T22:40:22.587" classname="SparseOctreeTest" />
    <testcase name="MemoryPoolOperations" file="/Users/michaelhalloran/cube_edit/core/voxel_data/tests/test_SparseOctree.cpp" line="232" status="run" result="completed" time="0" timestamp="2025-06-17T22:40:22.588" classname="SparseOctreeTest" />
    <testcase name="NonCopyableDesign" file="/Users/michaelhalloran/cube_edit/core/voxel_data/tests/test_SparseOctree.cpp" line="247" status="run" result="completed" time="0" timestamp="2025-06-17T22:40:22.588" classname="SparseOctreeTest" />
    <testcase name="StressTestLargeDataset" file="/Users/michaelhalloran/cube_edit/core/voxel_data/tests/test_SparseOctree.cpp" line="273" status="run" result="completed" time="0.153" timestamp="2025-06-17T22:40:22.588" classname="SparseOctreeTest" />
    <testcase name="MemoryUsageTracking" file="/Users/michaelhalloran/cube_edit/core/voxel_data/tests/test_SparseOctree.cpp" line="304" status="run" result="completed" time="0" timestamp="2025-06-17T22:40:22.741" classname="SparseOctreeTest" />
    <testcase name="ClusteringEfficiency" file="/Users/michaelhalloran/cube_edit/core/voxel_data/tests/test_SparseOctree.cpp" line="329" status="run" result="completed" time="0" timestamp="2025-06-17T22:40:22.741" classname="SparseOctreeTest" />
  </testsuite>
  <testsuite name="VoxelGridTest" tests="16" failures="5" disabled="0" skipped="0" errors="0" time="0.323" timestamp="2025-06-17T22:40:22.742">
    <testcase name="ConstructionWithValidParameters" file="/Users/michaelhalloran/cube_edit/core/voxel_data/tests/test_VoxelGrid.cpp" line="29" status="run" result="completed" time="0" timestamp="2025-06-17T22:40:22.742" classname="VoxelGridTest" />
    <testcase name="ConstructionWithDifferentResolutions" file="/Users/michaelhalloran/cube_edit/core/voxel_data/tests/test_VoxelGrid.cpp" line="42" status="run" result="completed" time="0" timestamp="2025-06-17T22:40:22.742" classname="VoxelGridTest" />
    <testcase name="BasicVoxelOperations" file="/Users/michaelhalloran/cube_edit/core/voxel_data/tests/test_VoxelGrid.cpp" line="53" status="run" result="completed" time="0" timestamp="2025-06-17T22:40:22.742" classname="VoxelGridTest" />
    <testcase name="WorldSpaceOperations" file="/Users/michaelhalloran/cube_edit/core/voxel_data/tests/test_VoxelGrid.cpp" line="75" status="run" result="completed" time="0" timestamp="2025-06-17T22:40:22.742" classname="VoxelGridTest" />
    <testcase name="GridWorldCoordinateConversion" file="/Users/michaelhalloran/cube_edit/core/voxel_data/tests/test_VoxelGrid.cpp" line="92" status="run" result="completed" time="0" timestamp="2025-06-17T22:40:22.742" classname="VoxelGridTest">
      <failure message="/Users/michaelhalloran/cube_edit/core/voxel_data/tests/test_VoxelGrid.cpp:102&#x0A;The difference between centerWorldPos.x and 0.0f is 2.5, which exceeds 0.01f, where&#x0A;centerWorldPos.x evaluates to 2.5,&#x0A;0.0f evaluates to 0, and&#x0A;0.01f evaluates to 0.0099999997764825821." type=""><![CDATA[/Users/michaelhalloran/cube_edit/core/voxel_data/tests/test_VoxelGrid.cpp:102
The difference between centerWorldPos.x and 0.0f is 2.5, which exceeds 0.01f, where
centerWorldPos.x evaluates to 2.5,
0.0f evaluates to 0, and
0.01f evaluates to 0.0099999997764825821.]]></failure>
      <failure message="/Users/michaelhalloran/cube_edit/core/voxel_data/tests/test_VoxelGrid.cpp:104&#x0A;The difference between centerWorldPos.z and 0.0f is 2.5, which exceeds 0.01f, where&#x0A;centerWorldPos.z evaluates to 2.5,&#x0A;0.0f evaluates to 0, and&#x0A;0.01f evaluates to 0.0099999997764825821." type=""><![CDATA[/Users/michaelhalloran/cube_edit/core/voxel_data/tests/test_VoxelGrid.cpp:104
The difference between centerWorldPos.z and 0.0f is 2.5, which exceeds 0.01f, where
centerWorldPos.z evaluates to 2.5,
0.0f evaluates to 0, and
0.01f evaluates to 0.0099999997764825821.]]></failure>
      <failure message="/Users/michaelhalloran/cube_edit/core/voxel_data/tests/test_VoxelGrid.cpp:111&#x0A;The difference between edgeWorldPos.x and 2.5f is 2.5, which exceeds 0.01f, where&#x0A;edgeWorldPos.x evaluates to 5,&#x0A;2.5f evaluates to 2.5, and&#x0A;0.01f evaluates to 0.0099999997764825821." type=""><![CDATA[/Users/michaelhalloran/cube_edit/core/voxel_data/tests/test_VoxelGrid.cpp:111
The difference between edgeWorldPos.x and 2.5f is 2.5, which exceeds 0.01f, where
edgeWorldPos.x evaluates to 5,
2.5f evaluates to 2.5, and
0.01f evaluates to 0.0099999997764825821.]]></failure>
      <failure message="/Users/michaelhalloran/cube_edit/core/voxel_data/tests/test_VoxelGrid.cpp:113&#x0A;The difference between edgeWorldPos.z and 2.5f is 2.5, which exceeds 0.01f, where&#x0A;edgeWorldPos.z evaluates to 5,&#x0A;2.5f evaluates to 2.5, and&#x0A;0.01f evaluates to 0.0099999997764825821." type=""><![CDATA[/Users/michaelhalloran/cube_edit/core/voxel_data/tests/test_VoxelGrid.cpp:113
The difference between edgeWorldPos.z and 2.5f is 2.5, which exceeds 0.01f, where
edgeWorldPos.z evaluates to 5,
2.5f evaluates to 2.5, and
0.01f evaluates to 0.0099999997764825821.]]></failure>
    </testcase>
    <testcase name="PositionValidation" file="/Users/michaelhalloran/cube_edit/core/voxel_data/tests/test_VoxelGrid.cpp" line="129" status="run" result="completed" time="0" timestamp="2025-06-17T22:40:22.742" classname="VoxelGridTest">
      <failure message="/Users/michaelhalloran/cube_edit/core/voxel_data/tests/test_VoxelGrid.cpp:136&#x0A;Value of: grid.isValidIncrementPosition(Vector3i(maxDims.x - 1, maxDims.y - 1, maxDims.z - 1))&#x0A;  Actual: false&#x0A;Expected: true" type=""><![CDATA[/Users/michaelhalloran/cube_edit/core/voxel_data/tests/test_VoxelGrid.cpp:136
Value of: grid.isValidIncrementPosition(Vector3i(maxDims.x - 1, maxDims.y - 1, maxDims.z - 1))
  Actual: false
Expected: true]]></failure>
      <failure message="/Users/michaelhalloran/cube_edit/core/voxel_data/tests/test_VoxelGrid.cpp:139&#x0A;Value of: grid.isValidIncrementPosition(Vector3i(-1, 0, 0))&#x0A;  Actual: true&#x0A;Expected: false" type=""><![CDATA[/Users/michaelhalloran/cube_edit/core/voxel_data/tests/test_VoxelGrid.cpp:139
Value of: grid.isValidIncrementPosition(Vector3i(-1, 0, 0))
  Actual: true
Expected: false]]></failure>
      <failure message="/Users/michaelhalloran/cube_edit/core/voxel_data/tests/test_VoxelGrid.cpp:141&#x0A;Value of: grid.isValidIncrementPosition(Vector3i(0, 0, -1))&#x0A;  Actual: true&#x0A;Expected: false" type=""><![CDATA[/Users/michaelhalloran/cube_edit/core/voxel_data/tests/test_VoxelGrid.cpp:141
Value of: grid.isValidIncrementPosition(Vector3i(0, 0, -1))
  Actual: true
Expected: false]]></failure>
    </testcase>
    <testcase name="OutOfBoundsOperations" file="/Users/michaelhalloran/cube_edit/core/voxel_data/tests/test_VoxelGrid.cpp" line="159" status="run" result="completed" time="0" timestamp="2025-06-17T22:40:22.742" classname="VoxelGridTest">
      <failure message="/Users/michaelhalloran/cube_edit/core/voxel_data/tests/test_VoxelGrid.cpp:164&#x0A;Value of: grid.setVoxel(Vector3i(-1, 0, 0), true)&#x0A;  Actual: true&#x0A;Expected: false" type=""><![CDATA[/Users/michaelhalloran/cube_edit/core/voxel_data/tests/test_VoxelGrid.cpp:164
Value of: grid.setVoxel(Vector3i(-1, 0, 0), true)
  Actual: true
Expected: false]]></failure>
      <failure message="/Users/michaelhalloran/cube_edit/core/voxel_data/tests/test_VoxelGrid.cpp:166&#x0A;Value of: grid.setVoxel(Vector3i(0, maxDims.y, 0), true)&#x0A;  Actual: true&#x0A;Expected: false" type=""><![CDATA[/Users/michaelhalloran/cube_edit/core/voxel_data/tests/test_VoxelGrid.cpp:166
Value of: grid.setVoxel(Vector3i(0, maxDims.y, 0), true)
  Actual: true
Expected: false]]></failure>
      <failure message="/Users/michaelhalloran/cube_edit/core/voxel_data/tests/test_VoxelGrid.cpp:170&#x0A;Expected equality of these values:&#x0A;  grid.getVoxelCount()&#x0A;    Which is: 2&#x0A;  0" type=""><![CDATA[/Users/michaelhalloran/cube_edit/core/voxel_data/tests/test_VoxelGrid.cpp:170
Expected equality of these values:
  grid.getVoxelCount()
    Which is: 2
  0]]></failure>
      <failure message="/Users/michaelhalloran/cube_edit/core/voxel_data/tests/test_VoxelGrid.cpp:173&#x0A;Value of: grid.getVoxel(Vector3i(-1, 0, 0))&#x0A;  Actual: true&#x0A;Expected: false" type=""><![CDATA[/Users/michaelhalloran/cube_edit/core/voxel_data/tests/test_VoxelGrid.cpp:173
Value of: grid.getVoxel(Vector3i(-1, 0, 0))
  Actual: true
Expected: false]]></failure>
    </testcase>
    <testcase name="WorkspaceResizing" file="/Users/michaelhalloran/cube_edit/core/voxel_data/tests/test_VoxelGrid.cpp" line="177" status="run" result="completed" time="0" timestamp="2025-06-17T22:40:22.742" classname="VoxelGridTest">
      <failure message="/Users/michaelhalloran/cube_edit/core/voxel_data/tests/test_VoxelGrid.cpp:192&#x0A;Value of: grid.getVoxel(centerPos)&#x0A;  Actual: false&#x0A;Expected: true" type=""><![CDATA[/Users/michaelhalloran/cube_edit/core/voxel_data/tests/test_VoxelGrid.cpp:192
Value of: grid.getVoxel(centerPos)
  Actual: false
Expected: true]]></failure>
    </testcase>
    <testcase name="ClearOperation" file="/Users/michaelhalloran/cube_edit/core/voxel_data/tests/test_VoxelGrid.cpp" line="208" status="run" result="completed" time="0" timestamp="2025-06-17T22:40:22.742" classname="VoxelGridTest" />
    <testcase name="MemoryOptimization" file="/Users/michaelhalloran/cube_edit/core/voxel_data/tests/test_VoxelGrid.cpp" line="238" status="run" result="completed" time="0.002" timestamp="2025-06-17T22:40:22.743" classname="VoxelGridTest" />
    <testcase name="VoxelExport" file="/Users/michaelhalloran/cube_edit/core/voxel_data/tests/test_VoxelGrid.cpp" line="272" status="run" result="completed" time="0" timestamp="2025-06-17T22:40:22.745" classname="VoxelGridTest" />
    <testcase name="DifferentResolutionBehavior" file="/Users/michaelhalloran/cube_edit/core/voxel_data/tests/test_VoxelGrid.cpp" line="306" status="run" result="completed" time="0" timestamp="2025-06-17T22:40:22.745" classname="VoxelGridTest" />
    <testcase name="StressTestLargeGrid" file="/Users/michaelhalloran/cube_edit/core/voxel_data/tests/test_VoxelGrid.cpp" line="334" status="run" result="completed" time="0.318" timestamp="2025-06-17T22:40:22.745" classname="VoxelGridTest" />
    <testcase name="MemoryUsageScaling" file="/Users/michaelhalloran/cube_edit/core/voxel_data/tests/test_VoxelGrid.cpp" line="365" status="run" result="completed" time="0" timestamp="2025-06-17T22:40:23.064" classname="VoxelGridTest" />
    <testcase name="ThreadSafetyPreparation" file="/Users/michaelhalloran/cube_edit/core/voxel_data/tests/test_VoxelGrid.cpp" line="386" status="run" result="completed" time="0" timestamp="2025-06-17T22:40:23.064" classname="VoxelGridTest" />
    <testcase name="VoxelWorldPositionVerification" file="/Users/michaelhalloran/cube_edit/core/voxel_data/tests/test_VoxelGrid.cpp" line="424" status="run" result="completed" time="0" timestamp="2025-06-17T22:40:23.064" classname="VoxelGridTest">
      <failure message="/Users/michaelhalloran/cube_edit/core/voxel_data/tests/test_VoxelGrid.cpp:462&#x0A;The difference between actualWorldPos.x() and testCase.expectedWorldPos.x is 2.4600000381469727, which exceeds 0.0001f, where&#x0A;actualWorldPos.x() evaluates to 0,&#x0A;testCase.expectedWorldPos.x evaluates to -2.4600000381469727, and&#x0A;0.0001f evaluates to 9.9999997473787516e-05.&#x0A;Grid origin (center) - X mismatch" type=""><![CDATA[/Users/michaelhalloran/cube_edit/core/voxel_data/tests/test_VoxelGrid.cpp:462
The difference between actualWorldPos.x() and testCase.expectedWorldPos.x is 2.4600000381469727, which exceeds 0.0001f, where
actualWorldPos.x() evaluates to 0,
testCase.expectedWorldPos.x evaluates to -2.4600000381469727, and
0.0001f evaluates to 9.9999997473787516e-05.
Grid origin (center) - X mismatch]]></failure>
      <failure message="/Users/michaelhalloran/cube_edit/core/voxel_data/tests/test_VoxelGrid.cpp:464&#x0A;The difference between actualWorldPos.y() and testCase.expectedWorldPos.y is 0.039999999105930328, which exceeds 0.0001f, where&#x0A;actualWorldPos.y() evaluates to 0,&#x0A;testCase.expectedWorldPos.y evaluates to 0.039999999105930328, and&#x0A;0.0001f evaluates to 9.9999997473787516e-05.&#x0A;Grid origin (center) - Y mismatch" type=""><![CDATA[/Users/michaelhalloran/cube_edit/core/voxel_data/tests/test_VoxelGrid.cpp:464
The difference between actualWorldPos.y() and testCase.expectedWorldPos.y is 0.039999999105930328, which exceeds 0.0001f, where
actualWorldPos.y() evaluates to 0,
testCase.expectedWorldPos.y evaluates to 0.039999999105930328, and
0.0001f evaluates to 9.9999997473787516e-05.
Grid origin (center) - Y mismatch]]></failure>
      <failure message="/Users/michaelhalloran/cube_edit/core/voxel_data/tests/test_VoxelGrid.cpp:466&#x0A;The difference between actualWorldPos.z() and testCase.expectedWorldPos.z is 2.4600000381469727, which exceeds 0.0001f, where&#x0A;actualWorldPos.z() evaluates to 0,&#x0A;testCase.expectedWorldPos.z evaluates to -2.4600000381469727, and&#x0A;0.0001f evaluates to 9.9999997473787516e-05.&#x0A;Grid origin (center) - Z mismatch" type=""><![CDATA[/Users/michaelhalloran/cube_edit/core/voxel_data/tests/test_VoxelGrid.cpp:466
The difference between actualWorldPos.z() and testCase.expectedWorldPos.z is 2.4600000381469727, which exceeds 0.0001f, where
actualWorldPos.z() evaluates to 0,
testCase.expectedWorldPos.z evaluates to -2.4600000381469727, and
0.0001f evaluates to 9.9999997473787516e-05.
Grid origin (center) - Z mismatch]]></failure>
      <failure message="/Users/michaelhalloran/cube_edit/core/voxel_data/tests/test_VoxelGrid.cpp:470&#x0A;Value of: grid.getVoxelAtWorldPos(testCase.expectedWorldPos)&#x0A;  Actual: false&#x0A;Expected: true&#x0A;Grid origin (center) - Can&apos;t retrieve voxel at world pos" type=""><![CDATA[/Users/michaelhalloran/cube_edit/core/voxel_data/tests/test_VoxelGrid.cpp:470
Value of: grid.getVoxelAtWorldPos(testCase.expectedWorldPos)
  Actual: false
Expected: true
Grid origin (center) - Can't retrieve voxel at world pos]]></failure>
      <failure message="/Users/michaelhalloran/cube_edit/core/voxel_data/tests/test_VoxelGrid.cpp:462&#x0A;The difference between actualWorldPos.x() and testCase.expectedWorldPos.x is 2.3900001142174006, which exceeds 0.0001f, where&#x0A;actualWorldPos.x() evaluates to 0.0099999997764825821,&#x0A;testCase.expectedWorldPos.x evaluates to -2.380000114440918, and&#x0A;0.0001f evaluates to 9.9999997473787516e-05.&#x0A;One voxel along X - X mismatch" type=""><![CDATA[/Users/michaelhalloran/cube_edit/core/voxel_data/tests/test_VoxelGrid.cpp:462
The difference between actualWorldPos.x() and testCase.expectedWorldPos.x is 2.3900001142174006, which exceeds 0.0001f, where
actualWorldPos.x() evaluates to 0.0099999997764825821,
testCase.expectedWorldPos.x evaluates to -2.380000114440918, and
0.0001f evaluates to 9.9999997473787516e-05.
One voxel along X - X mismatch]]></failure>
      <failure message="/Users/michaelhalloran/cube_edit/core/voxel_data/tests/test_VoxelGrid.cpp:464&#x0A;The difference between actualWorldPos.y() and testCase.expectedWorldPos.y is 0.039999999105930328, which exceeds 0.0001f, where&#x0A;actualWorldPos.y() evaluates to 0,&#x0A;testCase.expectedWorldPos.y evaluates to 0.039999999105930328, and&#x0A;0.0001f evaluates to 9.9999997473787516e-05.&#x0A;One voxel along X - Y mismatch" type=""><![CDATA[/Users/michaelhalloran/cube_edit/core/voxel_data/tests/test_VoxelGrid.cpp:464
The difference between actualWorldPos.y() and testCase.expectedWorldPos.y is 0.039999999105930328, which exceeds 0.0001f, where
actualWorldPos.y() evaluates to 0,
testCase.expectedWorldPos.y evaluates to 0.039999999105930328, and
0.0001f evaluates to 9.9999997473787516e-05.
One voxel along X - Y mismatch]]></failure>
      <failure message="/Users/michaelhalloran/cube_edit/core/voxel_data/tests/test_VoxelGrid.cpp:466&#x0A;The difference between actualWorldPos.z() and testCase.expectedWorldPos.z is 2.4600000381469727, which exceeds 0.0001f, where&#x0A;actualWorldPos.z() evaluates to 0,&#x0A;testCase.expectedWorldPos.z evaluates to -2.4600000381469727, and&#x0A;0.0001f evaluates to 9.9999997473787516e-05.&#x0A;One voxel along X - Z mismatch" type=""><![CDATA[/Users/michaelhalloran/cube_edit/core/voxel_data/tests/test_VoxelGrid.cpp:466
The difference between actualWorldPos.z() and testCase.expectedWorldPos.z is 2.4600000381469727, which exceeds 0.0001f, where
actualWorldPos.z() evaluates to 0,
testCase.expectedWorldPos.z evaluates to -2.4600000381469727, and
0.0001f evaluates to 9.9999997473787516e-05.
One voxel along X - Z mismatch]]></failure>
      <failure message="/Users/michaelhalloran/cube_edit/core/voxel_data/tests/test_VoxelGrid.cpp:470&#x0A;Value of: grid.getVoxelAtWorldPos(testCase.expectedWorldPos)&#x0A;  Actual: false&#x0A;Expected: true&#x0A;One voxel along X - Can&apos;t retrieve voxel at world pos" type=""><![CDATA[/Users/michaelhalloran/cube_edit/core/voxel_data/tests/test_VoxelGrid.cpp:470
Value of: grid.getVoxelAtWorldPos(testCase.expectedWorldPos)
  Actual: false
Expected: true
One voxel along X - Can't retrieve voxel at world pos]]></failure>
      <failure message="/Users/michaelhalloran/cube_edit/core/voxel_data/tests/test_VoxelGrid.cpp:462&#x0A;The difference between actualWorldPos.x() and testCase.expectedWorldPos.x is 2.4600000381469727, which exceeds 0.0001f, where&#x0A;actualWorldPos.x() evaluates to 0,&#x0A;testCase.expectedWorldPos.x evaluates to -2.4600000381469727, and&#x0A;0.0001f evaluates to 9.9999997473787516e-05.&#x0A;One voxel along Y - X mismatch" type=""><![CDATA[/Users/michaelhalloran/cube_edit/core/voxel_data/tests/test_VoxelGrid.cpp:462
The difference between actualWorldPos.x() and testCase.expectedWorldPos.x is 2.4600000381469727, which exceeds 0.0001f, where
actualWorldPos.x() evaluates to 0,
testCase.expectedWorldPos.x evaluates to -2.4600000381469727, and
0.0001f evaluates to 9.9999997473787516e-05.
One voxel along Y - X mismatch]]></failure>
      <failure message="/Users/michaelhalloran/cube_edit/core/voxel_data/tests/test_VoxelGrid.cpp:464&#x0A;The difference between actualWorldPos.y() and testCase.expectedWorldPos.y is 0.1099999975413084, which exceeds 0.0001f, where&#x0A;actualWorldPos.y() evaluates to 0.0099999997764825821,&#x0A;testCase.expectedWorldPos.y evaluates to 0.11999999731779099, and&#x0A;0.0001f evaluates to 9.9999997473787516e-05.&#x0A;One voxel along Y - Y mismatch" type=""><![CDATA[/Users/michaelhalloran/cube_edit/core/voxel_data/tests/test_VoxelGrid.cpp:464
The difference between actualWorldPos.y() and testCase.expectedWorldPos.y is 0.1099999975413084, which exceeds 0.0001f, where
actualWorldPos.y() evaluates to 0.0099999997764825821,
testCase.expectedWorldPos.y evaluates to 0.11999999731779099, and
0.0001f evaluates to 9.9999997473787516e-05.
One voxel along Y - Y mismatch]]></failure>
      <failure message="/Users/michaelhalloran/cube_edit/core/voxel_data/tests/test_VoxelGrid.cpp:466&#x0A;The difference between actualWorldPos.z() and testCase.expectedWorldPos.z is 2.4600000381469727, which exceeds 0.0001f, where&#x0A;actualWorldPos.z() evaluates to 0,&#x0A;testCase.expectedWorldPos.z evaluates to -2.4600000381469727, and&#x0A;0.0001f evaluates to 9.9999997473787516e-05.&#x0A;One voxel along Y - Z mismatch" type=""><![CDATA[/Users/michaelhalloran/cube_edit/core/voxel_data/tests/test_VoxelGrid.cpp:466
The difference between actualWorldPos.z() and testCase.expectedWorldPos.z is 2.4600000381469727, which exceeds 0.0001f, where
actualWorldPos.z() evaluates to 0,
testCase.expectedWorldPos.z evaluates to -2.4600000381469727, and
0.0001f evaluates to 9.9999997473787516e-05.
One voxel along Y - Z mismatch]]></failure>
      <failure message="/Users/michaelhalloran/cube_edit/core/voxel_data/tests/test_VoxelGrid.cpp:470&#x0A;Value of: grid.getVoxelAtWorldPos(testCase.expectedWorldPos)&#x0A;  Actual: false&#x0A;Expected: true&#x0A;One voxel along Y - Can&apos;t retrieve voxel at world pos" type=""><![CDATA[/Users/michaelhalloran/cube_edit/core/voxel_data/tests/test_VoxelGrid.cpp:470
Value of: grid.getVoxelAtWorldPos(testCase.expectedWorldPos)
  Actual: false
Expected: true
One voxel along Y - Can't retrieve voxel at world pos]]></failure>
      <failure message="/Users/michaelhalloran/cube_edit/core/voxel_data/tests/test_VoxelGrid.cpp:462&#x0A;The difference between actualWorldPos.x() and testCase.expectedWorldPos.x is 2.4600000381469727, which exceeds 0.0001f, where&#x0A;actualWorldPos.x() evaluates to 0,&#x0A;testCase.expectedWorldPos.x evaluates to -2.4600000381469727, and&#x0A;0.0001f evaluates to 9.9999997473787516e-05.&#x0A;One voxel along Z - X mismatch" type=""><![CDATA[/Users/michaelhalloran/cube_edit/core/voxel_data/tests/test_VoxelGrid.cpp:462
The difference between actualWorldPos.x() and testCase.expectedWorldPos.x is 2.4600000381469727, which exceeds 0.0001f, where
actualWorldPos.x() evaluates to 0,
testCase.expectedWorldPos.x evaluates to -2.4600000381469727, and
0.0001f evaluates to 9.9999997473787516e-05.
One voxel along Z - X mismatch]]></failure>
      <failure message="/Users/michaelhalloran/cube_edit/core/voxel_data/tests/test_VoxelGrid.cpp:464&#x0A;The difference between actualWorldPos.y() and testCase.expectedWorldPos.y is 0.039999999105930328, which exceeds 0.0001f, where&#x0A;actualWorldPos.y() evaluates to 0,&#x0A;testCase.expectedWorldPos.y evaluates to 0.039999999105930328, and&#x0A;0.0001f evaluates to 9.9999997473787516e-05.&#x0A;One voxel along Z - Y mismatch" type=""><![CDATA[/Users/michaelhalloran/cube_edit/core/voxel_data/tests/test_VoxelGrid.cpp:464
The difference between actualWorldPos.y() and testCase.expectedWorldPos.y is 0.039999999105930328, which exceeds 0.0001f, where
actualWorldPos.y() evaluates to 0,
testCase.expectedWorldPos.y evaluates to 0.039999999105930328, and
0.0001f evaluates to 9.9999997473787516e-05.
One voxel along Z - Y mismatch]]></failure>
      <failure message="/Users/michaelhalloran/cube_edit/core/voxel_data/tests/test_VoxelGrid.cpp:466&#x0A;The difference between actualWorldPos.z() and testCase.expectedWorldPos.z is 2.3900001142174006, which exceeds 0.0001f, where&#x0A;actualWorldPos.z() evaluates to 0.0099999997764825821,&#x0A;testCase.expectedWorldPos.z evaluates to -2.380000114440918, and&#x0A;0.0001f evaluates to 9.9999997473787516e-05.&#x0A;One voxel along Z - Z mismatch" type=""><![CDATA[/Users/michaelhalloran/cube_edit/core/voxel_data/tests/test_VoxelGrid.cpp:466
The difference between actualWorldPos.z() and testCase.expectedWorldPos.z is 2.3900001142174006, which exceeds 0.0001f, where
actualWorldPos.z() evaluates to 0.0099999997764825821,
testCase.expectedWorldPos.z evaluates to -2.380000114440918, and
0.0001f evaluates to 9.9999997473787516e-05.
One voxel along Z - Z mismatch]]></failure>
      <failure message="/Users/michaelhalloran/cube_edit/core/voxel_data/tests/test_VoxelGrid.cpp:470&#x0A;Value of: grid.getVoxelAtWorldPos(testCase.expectedWorldPos)&#x0A;  Actual: false&#x0A;Expected: true&#x0A;One voxel along Z - Can&apos;t retrieve voxel at world pos" type=""><![CDATA[/Users/michaelhalloran/cube_edit/core/voxel_data/tests/test_VoxelGrid.cpp:470
Value of: grid.getVoxelAtWorldPos(testCase.expectedWorldPos)
  Actual: false
Expected: true
One voxel along Z - Can't retrieve voxel at world pos]]></failure>
      <failure message="/Users/michaelhalloran/cube_edit/core/voxel_data/tests/test_VoxelGrid.cpp:462&#x0A;The difference between actualWorldPos.x() and testCase.expectedWorldPos.x is 1.7599999606609344, which exceeds 0.0001f, where&#x0A;actualWorldPos.x() evaluates to 0.099999994039535522,&#x0A;testCase.expectedWorldPos.x evaluates to -1.6599999666213989, and&#x0A;0.0001f evaluates to 9.9999997473787516e-05.&#x0A;10 voxels in each direction - X mismatch" type=""><![CDATA[/Users/michaelhalloran/cube_edit/core/voxel_data/tests/test_VoxelGrid.cpp:462
The difference between actualWorldPos.x() and testCase.expectedWorldPos.x is 1.7599999606609344, which exceeds 0.0001f, where
actualWorldPos.x() evaluates to 0.099999994039535522,
testCase.expectedWorldPos.x evaluates to -1.6599999666213989, and
0.0001f evaluates to 9.9999997473787516e-05.
10 voxels in each direction - X mismatch]]></failure>
      <failure message="/Users/michaelhalloran/cube_edit/core/voxel_data/tests/test_VoxelGrid.cpp:464&#x0A;The difference between actualWorldPos.y() and testCase.expectedWorldPos.y is 0.73999997973442078, which exceeds 0.0001f, where&#x0A;actualWorldPos.y() evaluates to 0.099999994039535522,&#x0A;testCase.expectedWorldPos.y evaluates to 0.8399999737739563, and&#x0A;0.0001f evaluates to 9.9999997473787516e-05.&#x0A;10 voxels in each direction - Y mismatch" type=""><![CDATA[/Users/michaelhalloran/cube_edit/core/voxel_data/tests/test_VoxelGrid.cpp:464
The difference between actualWorldPos.y() and testCase.expectedWorldPos.y is 0.73999997973442078, which exceeds 0.0001f, where
actualWorldPos.y() evaluates to 0.099999994039535522,
testCase.expectedWorldPos.y evaluates to 0.8399999737739563, and
0.0001f evaluates to 9.9999997473787516e-05.
10 voxels in each direction - Y mismatch]]></failure>
      <failure message="/Users/michaelhalloran/cube_edit/core/voxel_data/tests/test_VoxelGrid.cpp:466&#x0A;The difference between actualWorldPos.z() and testCase.expectedWorldPos.z is 1.7599999606609344, which exceeds 0.0001f, where&#x0A;actualWorldPos.z() evaluates to 0.099999994039535522,&#x0A;testCase.expectedWorldPos.z evaluates to -1.6599999666213989, and&#x0A;0.0001f evaluates to 9.9999997473787516e-05.&#x0A;10 voxels in each direction - Z mismatch" type=""><![CDATA[/Users/michaelhalloran/cube_edit/core/voxel_data/tests/test_VoxelGrid.cpp:466
The difference between actualWorldPos.z() and testCase.expectedWorldPos.z is 1.7599999606609344, which exceeds 0.0001f, where
actualWorldPos.z() evaluates to 0.099999994039535522,
testCase.expectedWorldPos.z evaluates to -1.6599999666213989, and
0.0001f evaluates to 9.9999997473787516e-05.
10 voxels in each direction - Z mismatch]]></failure>
      <failure message="/Users/michaelhalloran/cube_edit/core/voxel_data/tests/test_VoxelGrid.cpp:470&#x0A;Value of: grid.getVoxelAtWorldPos(testCase.expectedWorldPos)&#x0A;  Actual: false&#x0A;Expected: true&#x0A;10 voxels in each direction - Can&apos;t retrieve voxel at world pos" type=""><![CDATA[/Users/michaelhalloran/cube_edit/core/voxel_data/tests/test_VoxelGrid.cpp:470
Value of: grid.getVoxelAtWorldPos(testCase.expectedWorldPos)
  Actual: false
Expected: true
10 voxels in each direction - Can't retrieve voxel at world pos]]></failure>
      <failure message="/Users/michaelhalloran/cube_edit/core/voxel_data/tests/test_VoxelGrid.cpp:462&#x0A;The difference between actualWorldPos.x() and testCase.expectedWorldPos.x is 0.71000000834465027, which exceeds 0.0001f, where&#x0A;actualWorldPos.x() evaluates to 0.25,&#x0A;testCase.expectedWorldPos.x evaluates to -0.46000000834465027, and&#x0A;0.0001f evaluates to 9.9999997473787516e-05.&#x0A;25 voxels = 2m - X mismatch" type=""><![CDATA[/Users/michaelhalloran/cube_edit/core/voxel_data/tests/test_VoxelGrid.cpp:462
The difference between actualWorldPos.x() and testCase.expectedWorldPos.x is 0.71000000834465027, which exceeds 0.0001f, where
actualWorldPos.x() evaluates to 0.25,
testCase.expectedWorldPos.x evaluates to -0.46000000834465027, and
0.0001f evaluates to 9.9999997473787516e-05.
25 voxels = 2m - X mismatch]]></failure>
      <failure message="/Users/michaelhalloran/cube_edit/core/voxel_data/tests/test_VoxelGrid.cpp:464&#x0A;The difference between actualWorldPos.y() and testCase.expectedWorldPos.y is 1.7899999618530273, which exceeds 0.0001f, where&#x0A;actualWorldPos.y() evaluates to 0.25,&#x0A;testCase.expectedWorldPos.y evaluates to 2.0399999618530273, and&#x0A;0.0001f evaluates to 9.9999997473787516e-05.&#x0A;25 voxels = 2m - Y mismatch" type=""><![CDATA[/Users/michaelhalloran/cube_edit/core/voxel_data/tests/test_VoxelGrid.cpp:464
The difference between actualWorldPos.y() and testCase.expectedWorldPos.y is 1.7899999618530273, which exceeds 0.0001f, where
actualWorldPos.y() evaluates to 0.25,
testCase.expectedWorldPos.y evaluates to 2.0399999618530273, and
0.0001f evaluates to 9.9999997473787516e-05.
25 voxels = 2m - Y mismatch]]></failure>
      <failure message="/Users/michaelhalloran/cube_edit/core/voxel_data/tests/test_VoxelGrid.cpp:466&#x0A;The difference between actualWorldPos.z() and testCase.expectedWorldPos.z is 0.71000000834465027, which exceeds 0.0001f, where&#x0A;actualWorldPos.z() evaluates to 0.25,&#x0A;testCase.expectedWorldPos.z evaluates to -0.46000000834465027, and&#x0A;0.0001f evaluates to 9.9999997473787516e-05.&#x0A;25 voxels = 2m - Z mismatch" type=""><![CDATA[/Users/michaelhalloran/cube_edit/core/voxel_data/tests/test_VoxelGrid.cpp:466
The difference between actualWorldPos.z() and testCase.expectedWorldPos.z is 0.71000000834465027, which exceeds 0.0001f, where
actualWorldPos.z() evaluates to 0.25,
testCase.expectedWorldPos.z evaluates to -0.46000000834465027, and
0.0001f evaluates to 9.9999997473787516e-05.
25 voxels = 2m - Z mismatch]]></failure>
      <failure message="/Users/michaelhalloran/cube_edit/core/voxel_data/tests/test_VoxelGrid.cpp:470&#x0A;Value of: grid.getVoxelAtWorldPos(testCase.expectedWorldPos)&#x0A;  Actual: false&#x0A;Expected: true&#x0A;25 voxels = 2m - Can&apos;t retrieve voxel at world pos" type=""><![CDATA[/Users/michaelhalloran/cube_edit/core/voxel_data/tests/test_VoxelGrid.cpp:470
Value of: grid.getVoxelAtWorldPos(testCase.expectedWorldPos)
  Actual: false
Expected: true
25 voxels = 2m - Can't retrieve voxel at world pos]]></failure>
      <failure message="/Users/michaelhalloran/cube_edit/core/voxel_data/tests/test_VoxelGrid.cpp:462&#x0A;The difference between actualWorldPos.x() and testCase.expectedWorldPos.x is 0.29000000283122063, which exceeds 0.0001f, where&#x0A;actualWorldPos.x() evaluates to 0.31000000238418579,&#x0A;testCase.expectedWorldPos.x evaluates to 0.019999999552965164, and&#x0A;0.0001f evaluates to 9.9999997473787516e-05.&#x0A;Near center of 5m workspace - X mismatch" type=""><![CDATA[/Users/michaelhalloran/cube_edit/core/voxel_data/tests/test_VoxelGrid.cpp:462
The difference between actualWorldPos.x() and testCase.expectedWorldPos.x is 0.29000000283122063, which exceeds 0.0001f, where
actualWorldPos.x() evaluates to 0.31000000238418579,
testCase.expectedWorldPos.x evaluates to 0.019999999552965164, and
0.0001f evaluates to 9.9999997473787516e-05.
Near center of 5m workspace - X mismatch]]></failure>
      <failure message="/Users/michaelhalloran/cube_edit/core/voxel_data/tests/test_VoxelGrid.cpp:464&#x0A;The difference between actualWorldPos.y() and testCase.expectedWorldPos.y is 2.2099999785423279, which exceeds 0.0001f, where&#x0A;actualWorldPos.y() evaluates to 0.31000000238418579,&#x0A;testCase.expectedWorldPos.y evaluates to 2.5199999809265137, and&#x0A;0.0001f evaluates to 9.9999997473787516e-05.&#x0A;Near center of 5m workspace - Y mismatch" type=""><![CDATA[/Users/michaelhalloran/cube_edit/core/voxel_data/tests/test_VoxelGrid.cpp:464
The difference between actualWorldPos.y() and testCase.expectedWorldPos.y is 2.2099999785423279, which exceeds 0.0001f, where
actualWorldPos.y() evaluates to 0.31000000238418579,
testCase.expectedWorldPos.y evaluates to 2.5199999809265137, and
0.0001f evaluates to 9.9999997473787516e-05.
Near center of 5m workspace - Y mismatch]]></failure>
      <failure message="/Users/michaelhalloran/cube_edit/core/voxel_data/tests/test_VoxelGrid.cpp:466&#x0A;The difference between actualWorldPos.z() and testCase.expectedWorldPos.z is 0.29000000283122063, which exceeds 0.0001f, where&#x0A;actualWorldPos.z() evaluates to 0.31000000238418579,&#x0A;testCase.expectedWorldPos.z evaluates to 0.019999999552965164, and&#x0A;0.0001f evaluates to 9.9999997473787516e-05.&#x0A;Near center of 5m workspace - Z mismatch" type=""><![CDATA[/Users/michaelhalloran/cube_edit/core/voxel_data/tests/test_VoxelGrid.cpp:466
The difference between actualWorldPos.z() and testCase.expectedWorldPos.z is 0.29000000283122063, which exceeds 0.0001f, where
actualWorldPos.z() evaluates to 0.31000000238418579,
testCase.expectedWorldPos.z evaluates to 0.019999999552965164, and
0.0001f evaluates to 9.9999997473787516e-05.
Near center of 5m workspace - Z mismatch]]></failure>
      <failure message="/Users/michaelhalloran/cube_edit/core/voxel_data/tests/test_VoxelGrid.cpp:470&#x0A;Value of: grid.getVoxelAtWorldPos(testCase.expectedWorldPos)&#x0A;  Actual: false&#x0A;Expected: true&#x0A;Near center of 5m workspace - Can&apos;t retrieve voxel at world pos" type=""><![CDATA[/Users/michaelhalloran/cube_edit/core/voxel_data/tests/test_VoxelGrid.cpp:470
Value of: grid.getVoxelAtWorldPos(testCase.expectedWorldPos)
  Actual: false
Expected: true
Near center of 5m workspace - Can't retrieve voxel at world pos]]></failure>
      <failure message="/Users/michaelhalloran/cube_edit/core/voxel_data/tests/test_VoxelGrid.cpp:486&#x0A;Expected equality of these values:&#x0A;  allVoxels.size()&#x0A;    Which is: 3&#x0A;  testCases.size()&#x0A;    Which is: 7" type=""><![CDATA[/Users/michaelhalloran/cube_edit/core/voxel_data/tests/test_VoxelGrid.cpp:486
Expected equality of these values:
  allVoxels.size()
    Which is: 3
  testCases.size()
    Which is: 7]]></failure>
    </testcase>
  </testsuite>
  <testsuite name="WorkspaceManagerTest" tests="21" failures="0" disabled="0" skipped="0" errors="0" time="0" timestamp="2025-06-17T22:40:23.065">
    <testcase name="DefaultConstruction" file="/Users/michaelhalloran/cube_edit/core/voxel_data/tests/test_WorkspaceManager.cpp" line="57" status="run" result="completed" time="0" timestamp="2025-06-17T22:40:23.065" classname="WorkspaceManagerTest" />
    <testcase name="ConstructionWithEventDispatcher" file="/Users/michaelhalloran/cube_edit/core/voxel_data/tests/test_WorkspaceManager.cpp" line="72" status="run" result="completed" time="0" timestamp="2025-06-17T22:40:23.065" classname="WorkspaceManagerTest" />
    <testcase name="ValidSizeChanges" file="/Users/michaelhalloran/cube_edit/core/voxel_data/tests/test_WorkspaceManager.cpp" line="81" status="run" result="completed" time="0" timestamp="2025-06-17T22:40:23.065" classname="WorkspaceManagerTest" />
    <testcase name="InvalidSizeChanges" file="/Users/michaelhalloran/cube_edit/core/voxel_data/tests/test_WorkspaceManager.cpp" line="107" status="run" result="completed" time="0" timestamp="2025-06-17T22:40:23.065" classname="WorkspaceManagerTest" />
    <testcase name="CubicSizeShorthand" file="/Users/michaelhalloran/cube_edit/core/voxel_data/tests/test_WorkspaceManager.cpp" line="133" status="run" result="completed" time="0" timestamp="2025-06-17T22:40:23.065" classname="WorkspaceManagerTest" />
    <testcase name="PositionBoundsChecking" file="/Users/michaelhalloran/cube_edit/core/voxel_data/tests/test_WorkspaceManager.cpp" line="148" status="run" result="completed" time="0" timestamp="2025-06-17T22:40:23.065" classname="WorkspaceManagerTest" />
    <testcase name="PositionClamping" file="/Users/michaelhalloran/cube_edit/core/voxel_data/tests/test_WorkspaceManager.cpp" line="185" status="run" result="completed" time="0" timestamp="2025-06-17T22:40:23.065" classname="WorkspaceManagerTest" />
    <testcase name="BoundsRetrievalMethods" file="/Users/michaelhalloran/cube_edit/core/voxel_data/tests/test_WorkspaceManager.cpp" line="218" status="run" result="completed" time="0" timestamp="2025-06-17T22:40:23.065" classname="WorkspaceManagerTest" />
    <testcase name="SizeChangeCallbacks" file="/Users/michaelhalloran/cube_edit/core/voxel_data/tests/test_WorkspaceManager.cpp" line="240" status="run" result="completed" time="0" timestamp="2025-06-17T22:40:23.065" classname="WorkspaceManagerTest" />
    <testcase name="SizeChangeCallbackVeto" file="/Users/michaelhalloran/cube_edit/core/voxel_data/tests/test_WorkspaceManager.cpp" line="263" status="run" result="completed" time="0" timestamp="2025-06-17T22:40:23.065" classname="WorkspaceManagerTest" />
    <testcase name="SizeChangeCallbackConditional" file="/Users/michaelhalloran/cube_edit/core/voxel_data/tests/test_WorkspaceManager.cpp" line="281" status="run" result="completed" time="0" timestamp="2025-06-17T22:40:23.065" classname="WorkspaceManagerTest" />
    <testcase name="EventDispatcherChanges" file="/Users/michaelhalloran/cube_edit/core/voxel_data/tests/test_WorkspaceManager.cpp" line="300" status="run" result="completed" time="0" timestamp="2025-06-17T22:40:23.065" classname="WorkspaceManagerTest" />
    <testcase name="MultipleSizeChanges" file="/Users/michaelhalloran/cube_edit/core/voxel_data/tests/test_WorkspaceManager.cpp" line="324" status="run" result="completed" time="0" timestamp="2025-06-17T22:40:23.065" classname="WorkspaceManagerTest" />
    <testcase name="EdgeCaseBounds" file="/Users/michaelhalloran/cube_edit/core/voxel_data/tests/test_WorkspaceManager.cpp" line="354" status="run" result="completed" time="0" timestamp="2025-06-17T22:40:23.065" classname="WorkspaceManagerTest" />
    <testcase name="NonCubicWorkspaces" file="/Users/michaelhalloran/cube_edit/core/voxel_data/tests/test_WorkspaceManager.cpp" line="376" status="run" result="completed" time="0" timestamp="2025-06-17T22:40:23.065" classname="WorkspaceManagerTest" />
    <testcase name="ConstMethodsWithConstManager" file="/Users/michaelhalloran/cube_edit/core/voxel_data/tests/test_WorkspaceManager.cpp" line="402" status="run" result="completed" time="0" timestamp="2025-06-17T22:40:23.065" classname="WorkspaceManagerTest" />
    <testcase name="WorldCoordinatesIntegration" file="/Users/michaelhalloran/cube_edit/core/voxel_data/tests/test_WorkspaceManager.cpp" line="424" status="run" result="completed" time="0" timestamp="2025-06-17T22:40:23.065" classname="WorkspaceManagerTest" />
    <testcase name="WorldCoordinatesBounds" file="/Users/michaelhalloran/cube_edit/core/voxel_data/tests/test_WorkspaceManager.cpp" line="445" status="run" result="completed" time="0" timestamp="2025-06-17T22:40:23.065" classname="WorkspaceManagerTest" />
    <testcase name="IncrementCoordinatesValidation" file="/Users/michaelhalloran/cube_edit/core/voxel_data/tests/test_WorkspaceManager.cpp" line="478" status="run" result="completed" time="0" timestamp="2025-06-17T22:40:23.065" classname="WorkspaceManagerTest" />
    <testcase name="CoordinateTypeBackwardCompatibility" file="/Users/michaelhalloran/cube_edit/core/voxel_data/tests/test_WorkspaceManager.cpp" line="498" status="run" result="completed" time="0" timestamp="2025-06-17T22:40:23.065" classname="WorkspaceManagerTest" />
    <testcase name="CoordinateConverterIntegration" file="/Users/michaelhalloran/cube_edit/core/voxel_data/tests/test_WorkspaceManager.cpp" line="523" status="run" result="completed" time="0" timestamp="2025-06-17T22:40:23.065" classname="WorkspaceManagerTest" />
  </testsuite>
  <testsuite name="VoxelDataManagerTest" tests="32" failures="7" disabled="0" skipped="0" errors="0" time="17.565" timestamp="2025-06-17T22:40:23.065">
    <testcase name="DefaultConstruction" file="/Users/michaelhalloran/cube_edit/core/voxel_data/tests/test_VoxelDataManager.cpp" line="100" status="run" result="completed" time="0" timestamp="2025-06-17T22:40:23.065" classname="VoxelDataManagerTest" />
    <testcase name="ConstructionWithoutEventDispatcher" file="/Users/michaelhalloran/cube_edit/core/voxel_data/tests/test_VoxelDataManager.cpp" line="108" status="run" result="completed" time="0" timestamp="2025-06-17T22:40:23.066" classname="VoxelDataManagerTest" />
    <testcase name="BasicVoxelOperations" file="/Users/michaelhalloran/cube_edit/core/voxel_data/tests/test_VoxelDataManager.cpp" line="116" status="run" result="completed" time="0" timestamp="2025-06-17T22:40:23.066" classname="VoxelDataManagerTest" />
    <testcase name="VoxelPositionOperations" file="/Users/michaelhalloran/cube_edit/core/voxel_data/tests/test_VoxelDataManager.cpp" line="151" status="run" result="completed" time="0" timestamp="2025-06-17T22:40:23.066" classname="VoxelDataManagerTest" />
    <testcase name="WorldSpaceOperations" file="/Users/michaelhalloran/cube_edit/core/voxel_data/tests/test_VoxelDataManager.cpp" line="165" status="run" result="completed" time="0" timestamp="2025-06-17T22:40:23.066" classname="VoxelDataManagerTest" />
    <testcase name="ResolutionManagement" file="/Users/michaelhalloran/cube_edit/core/voxel_data/tests/test_VoxelDataManager.cpp" line="197" status="run" result="completed" time="0" timestamp="2025-06-17T22:40:23.066" classname="VoxelDataManagerTest" />
    <testcase name="WorkspaceManagement" file="/Users/michaelhalloran/cube_edit/core/voxel_data/tests/test_VoxelDataManager.cpp" line="225" status="run" result="completed" time="0" timestamp="2025-06-17T22:40:23.066" classname="VoxelDataManagerTest" />
    <testcase name="PositionValidation" file="/Users/michaelhalloran/cube_edit/core/voxel_data/tests/test_VoxelDataManager.cpp" line="255" status="run" result="completed" time="0" timestamp="2025-06-17T22:40:23.067" classname="VoxelDataManagerTest">
      <failure message="/Users/michaelhalloran/cube_edit/core/voxel_data/tests/test_VoxelDataManager.cpp:262&#x0A;Value of: manager-&gt;isValidPosition(invalidGridPos, VoxelResolution::Size_1cm)&#x0A;  Actual: true&#x0A;Expected: false" type=""><![CDATA[/Users/michaelhalloran/cube_edit/core/voxel_data/tests/test_VoxelDataManager.cpp:262
Value of: manager->isValidPosition(invalidGridPos, VoxelResolution::Size_1cm)
  Actual: true
Expected: false]]></failure>
    </testcase>
    <testcase name="MultipleResolutionVoxels" file="/Users/michaelhalloran/cube_edit/core/voxel_data/tests/test_VoxelDataManager.cpp" line="268" status="run" result="completed" time="0" timestamp="2025-06-17T22:40:23.067" classname="VoxelDataManagerTest" />
    <testcase name="ClearOperations" file="/Users/michaelhalloran/cube_edit/core/voxel_data/tests/test_VoxelDataManager.cpp" line="310" status="run" result="completed" time="0" timestamp="2025-06-17T22:40:23.067" classname="VoxelDataManagerTest">
      <failure message="/Users/michaelhalloran/cube_edit/core/voxel_data/tests/test_VoxelDataManager.cpp:331&#x0A;Expected: (manager-&gt;getTotalVoxelCount()) &gt; (0), actual: 0 vs 0" type=""><![CDATA[/Users/michaelhalloran/cube_edit/core/voxel_data/tests/test_VoxelDataManager.cpp:331
Expected: (manager->getTotalVoxelCount()) > (0), actual: 0 vs 0]]></failure>
    </testcase>
    <testcase name="MemoryManagement" file="/Users/michaelhalloran/cube_edit/core/voxel_data/tests/test_VoxelDataManager.cpp" line="343" status="run" result="completed" time="0" timestamp="2025-06-17T22:40:23.067" classname="VoxelDataManagerTest" />
    <testcase name="GridAccess" file="/Users/michaelhalloran/cube_edit/core/voxel_data/tests/test_VoxelDataManager.cpp" line="372" status="run" result="completed" time="0" timestamp="2025-06-17T22:40:23.068" classname="VoxelDataManagerTest" />
    <testcase name="VoxelExport" file="/Users/michaelhalloran/cube_edit/core/voxel_data/tests/test_VoxelDataManager.cpp" line="391" status="run" result="completed" time="0" timestamp="2025-06-17T22:40:23.068" classname="VoxelDataManagerTest">
      <failure message="/Users/michaelhalloran/cube_edit/core/voxel_data/tests/test_VoxelDataManager.cpp:419&#x0A;Value of: found&#x0A;  Actual: false&#x0A;Expected: true" type=""><![CDATA[/Users/michaelhalloran/cube_edit/core/voxel_data/tests/test_VoxelDataManager.cpp:419
Value of: found
  Actual: false
Expected: true]]></failure>
      <failure message="/Users/michaelhalloran/cube_edit/core/voxel_data/tests/test_VoxelDataManager.cpp:419&#x0A;Value of: found&#x0A;  Actual: false&#x0A;Expected: true" type=""><![CDATA[/Users/michaelhalloran/cube_edit/core/voxel_data/tests/test_VoxelDataManager.cpp:419
Value of: found
  Actual: false
Expected: true]]></failure>
      <failure message="/Users/michaelhalloran/cube_edit/core/voxel_data/tests/test_VoxelDataManager.cpp:419&#x0A;Value of: found&#x0A;  Actual: false&#x0A;Expected: true" type=""><![CDATA[/Users/michaelhalloran/cube_edit/core/voxel_data/tests/test_VoxelDataManager.cpp:419
Value of: found
  Actual: false
Expected: true]]></failure>
    </testcase>
    <testcase name="EventDispatcherManagement" file="/Users/michaelhalloran/cube_edit/core/voxel_data/tests/test_VoxelDataManager.cpp" line="428" status="run" result="completed" time="0" timestamp="2025-06-17T22:40:23.068" classname="VoxelDataManagerTest" />
    <testcase name="PerformanceMetrics" file="/Users/michaelhalloran/cube_edit/core/voxel_data/tests/test_VoxelDataManager.cpp" line="454" status="run" result="completed" time="0" timestamp="2025-06-17T22:40:23.068" classname="VoxelDataManagerTest" />
    <testcase name="RedundantOperations" file="/Users/michaelhalloran/cube_edit/core/voxel_data/tests/test_VoxelDataManager.cpp" line="484" status="run" result="completed" time="0" timestamp="2025-06-17T22:40:23.069" classname="VoxelDataManagerTest" />
    <testcase name="OutOfBoundsOperations" file="/Users/michaelhalloran/cube_edit/core/voxel_data/tests/test_VoxelDataManager.cpp" line="524" status="run" result="completed" time="0" timestamp="2025-06-17T22:40:23.069" classname="VoxelDataManagerTest" />
    <testcase name="WorkspaceResizeWithVoxels" file="/Users/michaelhalloran/cube_edit/core/voxel_data/tests/test_VoxelDataManager.cpp" line="544" status="run" result="completed" time="0" timestamp="2025-06-17T22:40:23.069" classname="VoxelDataManagerTest" />
    <testcase name="LargeScaleOperations" file="/Users/michaelhalloran/cube_edit/core/voxel_data/tests/test_VoxelDataManager.cpp" line="566" status="run" result="completed" time="0.008" timestamp="2025-06-17T22:40:23.069" classname="VoxelDataManagerTest" />
    <testcase name="IncrementValidation_ValidPositions" file="/Users/michaelhalloran/cube_edit/core/voxel_data/tests/test_VoxelDataManager.cpp" line="597" status="run" result="completed" time="0" timestamp="2025-06-17T22:40:23.078" classname="VoxelDataManagerTest" />
    <testcase name="IncrementValidation_YConstraint" file="/Users/michaelhalloran/cube_edit/core/voxel_data/tests/test_VoxelDataManager.cpp" line="612" status="run" result="completed" time="0" timestamp="2025-06-17T22:40:23.078" classname="VoxelDataManagerTest" />
    <testcase name="IncrementValidation_InvalidWorldPositions" file="/Users/michaelhalloran/cube_edit/core/voxel_data/tests/test_VoxelDataManager.cpp" line="624" status="run" result="completed" time="0" timestamp="2025-06-17T22:40:23.078" classname="VoxelDataManagerTest" />
    <testcase name="CollisionDetection_NoOverlap" file="/Users/michaelhalloran/cube_edit/core/voxel_data/tests/test_VoxelDataManager.cpp" line="632" status="run" result="completed" time="0" timestamp="2025-06-17T22:40:23.078" classname="VoxelDataManagerTest" />
    <testcase name="CollisionDetection_SameSizeOverlap" file="/Users/michaelhalloran/cube_edit/core/voxel_data/tests/test_VoxelDataManager.cpp" line="644" status="run" result="completed" time="0" timestamp="2025-06-17T22:40:23.079" classname="VoxelDataManagerTest" />
    <testcase name="CollisionDetection_DifferentSizeOverlap" file="/Users/michaelhalloran/cube_edit/core/voxel_data/tests/test_VoxelDataManager.cpp" line="662" status="run" result="completed" time="0" timestamp="2025-06-17T22:40:23.079" classname="VoxelDataManagerTest">
      <failure message="/Users/michaelhalloran/cube_edit/core/voxel_data/tests/test_VoxelDataManager.cpp:671&#x0A;Value of: manager-&gt;wouldOverlap(pos1cm_overlap, VoxelResolution::Size_1cm)&#x0A;  Actual: false&#x0A;Expected: true" type=""><![CDATA[/Users/michaelhalloran/cube_edit/core/voxel_data/tests/test_VoxelDataManager.cpp:671
Value of: manager->wouldOverlap(pos1cm_overlap, VoxelResolution::Size_1cm)
  Actual: false
Expected: true]]></failure>
      <failure message="/Users/michaelhalloran/cube_edit/core/voxel_data/tests/test_VoxelDataManager.cpp:676&#x0A;Value of: manager-&gt;wouldOverlap(pos1cm_overlap2, VoxelResolution::Size_1cm)&#x0A;  Actual: false&#x0A;Expected: true" type=""><![CDATA[/Users/michaelhalloran/cube_edit/core/voxel_data/tests/test_VoxelDataManager.cpp:676
Value of: manager->wouldOverlap(pos1cm_overlap2, VoxelResolution::Size_1cm)
  Actual: false
Expected: true]]></failure>
      <failure message="/Users/michaelhalloran/cube_edit/core/voxel_data/tests/test_VoxelDataManager.cpp:677&#x0A;Value of: manager-&gt;wouldOverlap(pos1cm_overlap3, VoxelResolution::Size_1cm)&#x0A;  Actual: false&#x0A;Expected: true" type=""><![CDATA[/Users/michaelhalloran/cube_edit/core/voxel_data/tests/test_VoxelDataManager.cpp:677
Value of: manager->wouldOverlap(pos1cm_overlap3, VoxelResolution::Size_1cm)
  Actual: false
Expected: true]]></failure>
      <failure message="/Users/michaelhalloran/cube_edit/core/voxel_data/tests/test_VoxelDataManager.cpp:690&#x0A;Value of: manager-&gt;wouldOverlap(pos4cm_overlap, VoxelResolution::Size_4cm)&#x0A;  Actual: false&#x0A;Expected: true" type=""><![CDATA[/Users/michaelhalloran/cube_edit/core/voxel_data/tests/test_VoxelDataManager.cpp:690
Value of: manager->wouldOverlap(pos4cm_overlap, VoxelResolution::Size_4cm)
  Actual: false
Expected: true]]></failure>
    </testcase>
    <testcase name="CollisionDetection_MultipleResolutions" file="/Users/michaelhalloran/cube_edit/core/voxel_data/tests/test_VoxelDataManager.cpp" line="697" status="run" result="completed" time="0" timestamp="2025-06-17T22:40:23.079" classname="VoxelDataManagerTest" />
    <testcase name="AdjacentPositionCalculation_SameSize" file="/Users/michaelhalloran/cube_edit/core/voxel_data/tests/test_VoxelDataManager.cpp" line="712" status="run" result="completed" time="0" timestamp="2025-06-17T22:40:23.079" classname="VoxelDataManagerTest">
      <failure message="/Users/michaelhalloran/cube_edit/core/voxel_data/tests/test_VoxelDataManager.cpp:718&#x0A;Expected equality of these values:&#x0A;  posX&#x0A;    Which is: 12-byte object &lt;0C-00 00-00 05-00 00-00 0A-00 00-00&gt;&#x0A;  Vector3i(11, 5, 10)&#x0A;    Which is: 12-byte object &lt;0B-00 00-00 05-00 00-00 0A-00 00-00&gt;" type=""><![CDATA[/Users/michaelhalloran/cube_edit/core/voxel_data/tests/test_VoxelDataManager.cpp:718
Expected equality of these values:
  posX
    Which is: 12-byte object <0C-00 00-00 05-00 00-00 0A-00 00-00>
  Vector3i(11, 5, 10)
    Which is: 12-byte object <0B-00 00-00 05-00 00-00 0A-00 00-00>]]></failure>
      <failure message="/Users/michaelhalloran/cube_edit/core/voxel_data/tests/test_VoxelDataManager.cpp:721&#x0A;Expected equality of these values:&#x0A;  negX&#x0A;    Which is: 12-byte object &lt;08-00 00-00 05-00 00-00 0A-00 00-00&gt;&#x0A;  Vector3i(9, 5, 10)&#x0A;    Which is: 12-byte object &lt;09-00 00-00 05-00 00-00 0A-00 00-00&gt;" type=""><![CDATA[/Users/michaelhalloran/cube_edit/core/voxel_data/tests/test_VoxelDataManager.cpp:721
Expected equality of these values:
  negX
    Which is: 12-byte object <08-00 00-00 05-00 00-00 0A-00 00-00>
  Vector3i(9, 5, 10)
    Which is: 12-byte object <09-00 00-00 05-00 00-00 0A-00 00-00>]]></failure>
      <failure message="/Users/michaelhalloran/cube_edit/core/voxel_data/tests/test_VoxelDataManager.cpp:724&#x0A;Expected equality of these values:&#x0A;  posY&#x0A;    Which is: 12-byte object &lt;0A-00 00-00 07-00 00-00 0A-00 00-00&gt;&#x0A;  Vector3i(10, 6, 10)&#x0A;    Which is: 12-byte object &lt;0A-00 00-00 06-00 00-00 0A-00 00-00&gt;" type=""><![CDATA[/Users/michaelhalloran/cube_edit/core/voxel_data/tests/test_VoxelDataManager.cpp:724
Expected equality of these values:
  posY
    Which is: 12-byte object <0A-00 00-00 07-00 00-00 0A-00 00-00>
  Vector3i(10, 6, 10)
    Which is: 12-byte object <0A-00 00-00 06-00 00-00 0A-00 00-00>]]></failure>
      <failure message="/Users/michaelhalloran/cube_edit/core/voxel_data/tests/test_VoxelDataManager.cpp:727&#x0A;Expected equality of these values:&#x0A;  negY&#x0A;    Which is: 12-byte object &lt;0A-00 00-00 03-00 00-00 0A-00 00-00&gt;&#x0A;  Vector3i(10, 4, 10)&#x0A;    Which is: 12-byte object &lt;0A-00 00-00 04-00 00-00 0A-00 00-00&gt;" type=""><![CDATA[/Users/michaelhalloran/cube_edit/core/voxel_data/tests/test_VoxelDataManager.cpp:727
Expected equality of these values:
  negY
    Which is: 12-byte object <0A-00 00-00 03-00 00-00 0A-00 00-00>
  Vector3i(10, 4, 10)
    Which is: 12-byte object <0A-00 00-00 04-00 00-00 0A-00 00-00>]]></failure>
      <failure message="/Users/michaelhalloran/cube_edit/core/voxel_data/tests/test_VoxelDataManager.cpp:730&#x0A;Expected equality of these values:&#x0A;  posZ&#x0A;    Which is: 12-byte object &lt;0A-00 00-00 05-00 00-00 0C-00 00-00&gt;&#x0A;  Vector3i(10, 5, 11)&#x0A;    Which is: 12-byte object &lt;0A-00 00-00 05-00 00-00 0B-00 00-00&gt;" type=""><![CDATA[/Users/michaelhalloran/cube_edit/core/voxel_data/tests/test_VoxelDataManager.cpp:730
Expected equality of these values:
  posZ
    Which is: 12-byte object <0A-00 00-00 05-00 00-00 0C-00 00-00>
  Vector3i(10, 5, 11)
    Which is: 12-byte object <0A-00 00-00 05-00 00-00 0B-00 00-00>]]></failure>
      <failure message="/Users/michaelhalloran/cube_edit/core/voxel_data/tests/test_VoxelDataManager.cpp:733&#x0A;Expected equality of these values:&#x0A;  negZ&#x0A;    Which is: 12-byte object &lt;0A-00 00-00 05-00 00-00 08-00 00-00&gt;&#x0A;  Vector3i(10, 5, 9)&#x0A;    Which is: 12-byte object &lt;0A-00 00-00 05-00 00-00 09-00 00-00&gt;" type=""><![CDATA[/Users/michaelhalloran/cube_edit/core/voxel_data/tests/test_VoxelDataManager.cpp:733
Expected equality of these values:
  negZ
    Which is: 12-byte object <0A-00 00-00 05-00 00-00 08-00 00-00>
  Vector3i(10, 5, 9)
    Which is: 12-byte object <0A-00 00-00 05-00 00-00 09-00 00-00>]]></failure>
    </testcase>
    <testcase name="AdjacentPositionCalculation_DifferentSizes" file="/Users/michaelhalloran/cube_edit/core/voxel_data/tests/test_VoxelDataManager.cpp" line="736" status="run" result="completed" time="0" timestamp="2025-06-17T22:40:23.080" classname="VoxelDataManagerTest" />
    <testcase name="WorkspaceBounds_CenteredOrigin" file="/Users/michaelhalloran/cube_edit/core/voxel_data/tests/test_VoxelDataManager.cpp" line="768" status="run" result="completed" time="0" timestamp="2025-06-17T22:40:23.080" classname="VoxelDataManagerTest" />
    <testcase name="PerformanceTest_CollisionCheck10000Voxels" file="/Users/michaelhalloran/cube_edit/core/voxel_data/tests/test_VoxelDataManager.cpp" line="785" status="run" result="completed" time="17.551" timestamp="2025-06-17T22:40:23.080" classname="VoxelDataManagerTest">
      <failure message="/Users/michaelhalloran/cube_edit/core/voxel_data/tests/test_VoxelDataManager.cpp:798&#x0A;Expected equality of these values:&#x0A;  placed&#x0A;    Which is: 2601&#x0A;  10000" type=""><![CDATA[/Users/michaelhalloran/cube_edit/core/voxel_data/tests/test_VoxelDataManager.cpp:798
Expected equality of these values:
  placed
    Which is: 2601
  10000]]></failure>
      <failure message="/Users/michaelhalloran/cube_edit/core/voxel_data/tests/test_VoxelDataManager.cpp:799&#x0A;Expected equality of these values:&#x0A;  manager-&gt;getTotalVoxelCount()&#x0A;    Which is: 2601&#x0A;  10000" type=""><![CDATA[/Users/michaelhalloran/cube_edit/core/voxel_data/tests/test_VoxelDataManager.cpp:799
Expected equality of these values:
  manager->getTotalVoxelCount()
    Which is: 2601
  10000]]></failure>
    </testcase>
    <testcase name="SetVoxel_ValidatesIncrement" file="/Users/michaelhalloran/cube_edit/core/voxel_data/tests/test_VoxelDataManager.cpp" line="820" status="run" result="completed" time="0" timestamp="2025-06-17T22:40:40.631" classname="VoxelDataManagerTest">
      <failure message="/Users/michaelhalloran/cube_edit/core/voxel_data/tests/test_VoxelDataManager.cpp:831&#x0A;Value of: manager-&gt;setVoxel(Vector3i(2, 0, 2), VoxelResolution::Size_4cm, true)&#x0A;  Actual: true&#x0A;Expected: false" type=""><![CDATA[/Users/michaelhalloran/cube_edit/core/voxel_data/tests/test_VoxelDataManager.cpp:831
Value of: manager->setVoxel(Vector3i(2, 0, 2), VoxelResolution::Size_4cm, true)
  Actual: true
Expected: false]]></failure>
      <failure message="/Users/michaelhalloran/cube_edit/core/voxel_data/tests/test_VoxelDataManager.cpp:834&#x0A;Expected equality of these values:&#x0A;  manager-&gt;getTotalVoxelCount()&#x0A;    Which is: 2&#x0A;  1" type=""><![CDATA[/Users/michaelhalloran/cube_edit/core/voxel_data/tests/test_VoxelDataManager.cpp:834
Expected equality of these values:
  manager->getTotalVoxelCount()
    Which is: 2
  1]]></failure>
    </testcase>
    <testcase name="SetVoxelAtWorldPos_ValidatesIncrement" file="/Users/michaelhalloran/cube_edit/core/voxel_data/tests/test_VoxelDataManager.cpp" line="837" status="run" result="completed" time="0" timestamp="2025-06-17T22:40:40.631" classname="VoxelDataManagerTest" />
  </testsuite>
  <testsuite name="VoxelDataRequirementsTest" tests="14" failures="6" disabled="0" skipped="0" errors="0" time="0.006" timestamp="2025-06-17T22:40:40.631">
    <testcase name="GridOriginAtWorkspaceCenter" file="/Users/michaelhalloran/cube_edit/core/voxel_data/tests/test_VoxelData_requirements.cpp" line="21" status="run" result="completed" time="0" timestamp="2025-06-17T22:40:40.631" classname="VoxelDataRequirementsTest" />
    <testcase name="GridCoversEntireWorkspace" file="/Users/michaelhalloran/cube_edit/core/voxel_data/tests/test_VoxelData_requirements.cpp" line="44" status="run" result="completed" time="0" timestamp="2025-06-17T22:40:40.631" classname="VoxelDataRequirementsTest" />
    <testcase name="VoxelsPlaceableAt1cmIncrements" file="/Users/michaelhalloran/cube_edit/core/voxel_data/tests/test_VoxelData_requirements.cpp" line="73" status="run" result="completed" time="0" timestamp="2025-06-17T22:40:40.632" classname="VoxelDataRequirementsTest" />
    <testcase name="NoVoxelsBelowY0" file="/Users/michaelhalloran/cube_edit/core/voxel_data/tests/test_VoxelData_requirements.cpp" line="105" status="run" result="completed" time="0" timestamp="2025-06-17T22:40:40.632" classname="VoxelDataRequirementsTest" />
    <testcase name="MultiResolutionGroundPlanePositioning" file="/Users/michaelhalloran/cube_edit/core/voxel_data/tests/test_VoxelData_requirements.cpp" line="120" status="run" result="completed" time="0" timestamp="2025-06-17T22:40:40.632" classname="VoxelDataRequirementsTest">
      <failure message="/Users/michaelhalloran/cube_edit/core/voxel_data/tests/test_VoxelData_requirements.cpp:142&#x0A;Value of: manager-&gt;getVoxelAtWorldPos(pos, res)&#x0A;  Actual: false&#x0A;Expected: true" type=""><![CDATA[/Users/michaelhalloran/cube_edit/core/voxel_data/tests/test_VoxelData_requirements.cpp:142
Value of: manager->getVoxelAtWorldPos(pos, res)
  Actual: false
Expected: true]]></failure>
      <failure message="/Users/michaelhalloran/cube_edit/core/voxel_data/tests/test_VoxelData_requirements.cpp:142&#x0A;Value of: manager-&gt;getVoxelAtWorldPos(pos, res)&#x0A;  Actual: false&#x0A;Expected: true" type=""><![CDATA[/Users/michaelhalloran/cube_edit/core/voxel_data/tests/test_VoxelData_requirements.cpp:142
Value of: manager->getVoxelAtWorldPos(pos, res)
  Actual: false
Expected: true]]></failure>
      <failure message="/Users/michaelhalloran/cube_edit/core/voxel_data/tests/test_VoxelData_requirements.cpp:142&#x0A;Value of: manager-&gt;getVoxelAtWorldPos(pos, res)&#x0A;  Actual: false&#x0A;Expected: true" type=""><![CDATA[/Users/michaelhalloran/cube_edit/core/voxel_data/tests/test_VoxelData_requirements.cpp:142
Value of: manager->getVoxelAtWorldPos(pos, res)
  Actual: false
Expected: true]]></failure>
      <failure message="/Users/michaelhalloran/cube_edit/core/voxel_data/tests/test_VoxelData_requirements.cpp:142&#x0A;Value of: manager-&gt;getVoxelAtWorldPos(pos, res)&#x0A;  Actual: false&#x0A;Expected: true" type=""><![CDATA[/Users/michaelhalloran/cube_edit/core/voxel_data/tests/test_VoxelData_requirements.cpp:142
Value of: manager->getVoxelAtWorldPos(pos, res)
  Actual: false
Expected: true]]></failure>
      <failure message="/Users/michaelhalloran/cube_edit/core/voxel_data/tests/test_VoxelData_requirements.cpp:142&#x0A;Value of: manager-&gt;getVoxelAtWorldPos(pos, res)&#x0A;  Actual: false&#x0A;Expected: true" type=""><![CDATA[/Users/michaelhalloran/cube_edit/core/voxel_data/tests/test_VoxelData_requirements.cpp:142
Value of: manager->getVoxelAtWorldPos(pos, res)
  Actual: false
Expected: true]]></failure>
      <failure message="/Users/michaelhalloran/cube_edit/core/voxel_data/tests/test_VoxelData_requirements.cpp:142&#x0A;Value of: manager-&gt;getVoxelAtWorldPos(pos, res)&#x0A;  Actual: false&#x0A;Expected: true" type=""><![CDATA[/Users/michaelhalloran/cube_edit/core/voxel_data/tests/test_VoxelData_requirements.cpp:142
Value of: manager->getVoxelAtWorldPos(pos, res)
  Actual: false
Expected: true]]></failure>
      <failure message="/Users/michaelhalloran/cube_edit/core/voxel_data/tests/test_VoxelData_requirements.cpp:142&#x0A;Value of: manager-&gt;getVoxelAtWorldPos(pos, res)&#x0A;  Actual: false&#x0A;Expected: true" type=""><![CDATA[/Users/michaelhalloran/cube_edit/core/voxel_data/tests/test_VoxelData_requirements.cpp:142
Value of: manager->getVoxelAtWorldPos(pos, res)
  Actual: false
Expected: true]]></failure>
      <failure message="/Users/michaelhalloran/cube_edit/core/voxel_data/tests/test_VoxelData_requirements.cpp:142&#x0A;Value of: manager-&gt;getVoxelAtWorldPos(pos, res)&#x0A;  Actual: false&#x0A;Expected: true" type=""><![CDATA[/Users/michaelhalloran/cube_edit/core/voxel_data/tests/test_VoxelData_requirements.cpp:142
Value of: manager->getVoxelAtWorldPos(pos, res)
  Actual: false
Expected: true]]></failure>
      <failure message="/Users/michaelhalloran/cube_edit/core/voxel_data/tests/test_VoxelData_requirements.cpp:142&#x0A;Value of: manager-&gt;getVoxelAtWorldPos(pos, res)&#x0A;  Actual: false&#x0A;Expected: true" type=""><![CDATA[/Users/michaelhalloran/cube_edit/core/voxel_data/tests/test_VoxelData_requirements.cpp:142
Value of: manager->getVoxelAtWorldPos(pos, res)
  Actual: false
Expected: true]]></failure>
      <failure message="/Users/michaelhalloran/cube_edit/core/voxel_data/tests/test_VoxelData_requirements.cpp:142&#x0A;Value of: manager-&gt;getVoxelAtWorldPos(pos, res)&#x0A;  Actual: false&#x0A;Expected: true" type=""><![CDATA[/Users/michaelhalloran/cube_edit/core/voxel_data/tests/test_VoxelData_requirements.cpp:142
Value of: manager->getVoxelAtWorldPos(pos, res)
  Actual: false
Expected: true]]></failure>
      <failure message="/Users/michaelhalloran/cube_edit/core/voxel_data/tests/test_VoxelData_requirements.cpp:142&#x0A;Value of: manager-&gt;getVoxelAtWorldPos(pos, res)&#x0A;  Actual: false&#x0A;Expected: true" type=""><![CDATA[/Users/michaelhalloran/cube_edit/core/voxel_data/tests/test_VoxelData_requirements.cpp:142
Value of: manager->getVoxelAtWorldPos(pos, res)
  Actual: false
Expected: true]]></failure>
      <failure message="/Users/michaelhalloran/cube_edit/core/voxel_data/tests/test_VoxelData_requirements.cpp:142&#x0A;Value of: manager-&gt;getVoxelAtWorldPos(pos, res)&#x0A;  Actual: false&#x0A;Expected: true" type=""><![CDATA[/Users/michaelhalloran/cube_edit/core/voxel_data/tests/test_VoxelData_requirements.cpp:142
Value of: manager->getVoxelAtWorldPos(pos, res)
  Actual: false
Expected: true]]></failure>
      <failure message="/Users/michaelhalloran/cube_edit/core/voxel_data/tests/test_VoxelData_requirements.cpp:142&#x0A;Value of: manager-&gt;getVoxelAtWorldPos(pos, res)&#x0A;  Actual: false&#x0A;Expected: true" type=""><![CDATA[/Users/michaelhalloran/cube_edit/core/voxel_data/tests/test_VoxelData_requirements.cpp:142
Value of: manager->getVoxelAtWorldPos(pos, res)
  Actual: false
Expected: true]]></failure>
    </testcase>
    <testcase name="CollisionDetectionAndSpatialQueries" file="/Users/michaelhalloran/cube_edit/core/voxel_data/tests/test_VoxelData_requirements.cpp" line="149" status="run" result="completed" time="0" timestamp="2025-06-17T22:40:40.632" classname="VoxelDataRequirementsTest">
      <failure message="/Users/michaelhalloran/cube_edit/core/voxel_data/tests/test_VoxelData_requirements.cpp:166&#x0A;Value of: manager-&gt;setVoxelAtWorldPos(actualWorldPos + VoxelEditor::Math::Vector3f(-0.01f, 0.0f, 0.0f), VoxelResolution::Size_1cm, true)&#x0A;  Actual: false&#x0A;Expected: true" type=""><![CDATA[/Users/michaelhalloran/cube_edit/core/voxel_data/tests/test_VoxelData_requirements.cpp:166
Value of: manager->setVoxelAtWorldPos(actualWorldPos + VoxelEditor::Math::Vector3f(-0.01f, 0.0f, 0.0f), VoxelResolution::Size_1cm, true)
  Actual: false
Expected: true]]></failure>
    </testcase>
    <testcase name="PlacementValidation" file="/Users/michaelhalloran/cube_edit/core/voxel_data/tests/test_VoxelData_requirements.cpp" line="170" status="run" result="completed" time="0" timestamp="2025-06-17T22:40:40.633" classname="VoxelDataRequirementsTest">
      <failure message="/Users/michaelhalloran/cube_edit/core/voxel_data/tests/test_VoxelData_requirements.cpp:195&#x0A;Value of: manager-&gt;setVoxelAtWorldPos(testCase.position, testCase.resolution, true)&#x0A;  Actual: true&#x0A;Expected: false&#x0A;Placement should fail: Would overlap" type=""><![CDATA[/Users/michaelhalloran/cube_edit/core/voxel_data/tests/test_VoxelData_requirements.cpp:195
Value of: manager->setVoxelAtWorldPos(testCase.position, testCase.resolution, true)
  Actual: true
Expected: false
Placement should fail: Would overlap]]></failure>
    </testcase>
    <testcase name="VoxelCreationAndRemoval" file="/Users/michaelhalloran/cube_edit/core/voxel_data/tests/test_VoxelData_requirements.cpp" line="201" status="run" result="completed" time="0" timestamp="2025-06-17T22:40:40.633" classname="VoxelDataRequirementsTest" />
    <testcase name="ResolutionManagement" file="/Users/michaelhalloran/cube_edit/core/voxel_data/tests/test_VoxelData_requirements.cpp" line="215" status="run" result="completed" time="0" timestamp="2025-06-17T22:40:40.633" classname="VoxelDataRequirementsTest" />
    <testcase name="WorkspaceBounds" file="/Users/michaelhalloran/cube_edit/core/voxel_data/tests/test_VoxelData_requirements.cpp" line="238" status="run" result="completed" time="0" timestamp="2025-06-17T22:40:40.633" classname="VoxelDataRequirementsTest" />
    <testcase name="AdjacentPositionCalculation" file="/Users/michaelhalloran/cube_edit/core/voxel_data/tests/test_VoxelData_requirements.cpp" line="253" status="run" result="completed" time="0" timestamp="2025-06-17T22:40:40.633" classname="VoxelDataRequirementsTest">
      <failure message="/Users/michaelhalloran/cube_edit/core/voxel_data/tests/test_VoxelData_requirements.cpp:277&#x0A;Expected equality of these values:&#x0A;  adjacent&#x0A;    Which is: 12-byte object &lt;1A-00 00-00 05-00 00-00 0A-00 00-00&gt;&#x0A;  expected&#x0A;    Which is: 12-byte object &lt;0B-00 00-00 05-00 00-00 0A-00 00-00&gt;&#x0A;Face: 0" type=""><![CDATA[/Users/michaelhalloran/cube_edit/core/voxel_data/tests/test_VoxelData_requirements.cpp:277
Expected equality of these values:
  adjacent
    Which is: 12-byte object <1A-00 00-00 05-00 00-00 0A-00 00-00>
  expected
    Which is: 12-byte object <0B-00 00-00 05-00 00-00 0A-00 00-00>
Face: 0]]></failure>
      <failure message="/Users/michaelhalloran/cube_edit/core/voxel_data/tests/test_VoxelData_requirements.cpp:277&#x0A;Expected equality of these values:&#x0A;  adjacent&#x0A;    Which is: 12-byte object &lt;FA-FF FF-FF 05-00 00-00 0A-00 00-00&gt;&#x0A;  expected&#x0A;    Which is: 12-byte object &lt;09-00 00-00 05-00 00-00 0A-00 00-00&gt;&#x0A;Face: 1" type=""><![CDATA[/Users/michaelhalloran/cube_edit/core/voxel_data/tests/test_VoxelData_requirements.cpp:277
Expected equality of these values:
  adjacent
    Which is: 12-byte object <FA-FF FF-FF 05-00 00-00 0A-00 00-00>
  expected
    Which is: 12-byte object <09-00 00-00 05-00 00-00 0A-00 00-00>
Face: 1]]></failure>
      <failure message="/Users/michaelhalloran/cube_edit/core/voxel_data/tests/test_VoxelData_requirements.cpp:277&#x0A;Expected equality of these values:&#x0A;  adjacent&#x0A;    Which is: 12-byte object &lt;0A-00 00-00 15-00 00-00 0A-00 00-00&gt;&#x0A;  expected&#x0A;    Which is: 12-byte object &lt;0A-00 00-00 06-00 00-00 0A-00 00-00&gt;&#x0A;Face: 2" type=""><![CDATA[/Users/michaelhalloran/cube_edit/core/voxel_data/tests/test_VoxelData_requirements.cpp:277
Expected equality of these values:
  adjacent
    Which is: 12-byte object <0A-00 00-00 15-00 00-00 0A-00 00-00>
  expected
    Which is: 12-byte object <0A-00 00-00 06-00 00-00 0A-00 00-00>
Face: 2]]></failure>
      <failure message="/Users/michaelhalloran/cube_edit/core/voxel_data/tests/test_VoxelData_requirements.cpp:277&#x0A;Expected equality of these values:&#x0A;  adjacent&#x0A;    Which is: 12-byte object &lt;0A-00 00-00 F5-FF FF-FF 0A-00 00-00&gt;&#x0A;  expected&#x0A;    Which is: 12-byte object &lt;0A-00 00-00 04-00 00-00 0A-00 00-00&gt;&#x0A;Face: 3" type=""><![CDATA[/Users/michaelhalloran/cube_edit/core/voxel_data/tests/test_VoxelData_requirements.cpp:277
Expected equality of these values:
  adjacent
    Which is: 12-byte object <0A-00 00-00 F5-FF FF-FF 0A-00 00-00>
  expected
    Which is: 12-byte object <0A-00 00-00 04-00 00-00 0A-00 00-00>
Face: 3]]></failure>
      <failure message="/Users/michaelhalloran/cube_edit/core/voxel_data/tests/test_VoxelData_requirements.cpp:277&#x0A;Expected equality of these values:&#x0A;  adjacent&#x0A;    Which is: 12-byte object &lt;0A-00 00-00 05-00 00-00 1A-00 00-00&gt;&#x0A;  expected&#x0A;    Which is: 12-byte object &lt;0A-00 00-00 05-00 00-00 0B-00 00-00&gt;&#x0A;Face: 4" type=""><![CDATA[/Users/michaelhalloran/cube_edit/core/voxel_data/tests/test_VoxelData_requirements.cpp:277
Expected equality of these values:
  adjacent
    Which is: 12-byte object <0A-00 00-00 05-00 00-00 1A-00 00-00>
  expected
    Which is: 12-byte object <0A-00 00-00 05-00 00-00 0B-00 00-00>
Face: 4]]></failure>
      <failure message="/Users/michaelhalloran/cube_edit/core/voxel_data/tests/test_VoxelData_requirements.cpp:277&#x0A;Expected equality of these values:&#x0A;  adjacent&#x0A;    Which is: 12-byte object &lt;0A-00 00-00 05-00 00-00 FA-FF FF-FF&gt;&#x0A;  expected&#x0A;    Which is: 12-byte object &lt;0A-00 00-00 05-00 00-00 09-00 00-00&gt;&#x0A;Face: 5" type=""><![CDATA[/Users/michaelhalloran/cube_edit/core/voxel_data/tests/test_VoxelData_requirements.cpp:277
Expected equality of these values:
  adjacent
    Which is: 12-byte object <0A-00 00-00 05-00 00-00 FA-FF FF-FF>
  expected
    Which is: 12-byte object <0A-00 00-00 05-00 00-00 09-00 00-00>
Face: 5]]></failure>
    </testcase>
    <testcase name="SameSizeVoxelAlignment" file="/Users/michaelhalloran/cube_edit/core/voxel_data/tests/test_VoxelData_requirements.cpp" line="282" status="run" result="completed" time="0" timestamp="2025-06-17T22:40:40.633" classname="VoxelDataRequirementsTest">
      <failure message="/Users/michaelhalloran/cube_edit/core/voxel_data/tests/test_VoxelData_requirements.cpp:291&#x0A;Expected equality of these values:&#x0A;  pos2&#x0A;    Which is: 12-byte object &lt;12-00 00-00 00-00 00-00 0A-00 00-00&gt;&#x0A;  VoxelEditor::Math::Vector3i(11, 0, 10)&#x0A;    Which is: 12-byte object &lt;0B-00 00-00 00-00 00-00 0A-00 00-00&gt;" type=""><![CDATA[/Users/michaelhalloran/cube_edit/core/voxel_data/tests/test_VoxelData_requirements.cpp:291
Expected equality of these values:
  pos2
    Which is: 12-byte object <12-00 00-00 00-00 00-00 0A-00 00-00>
  VoxelEditor::Math::Vector3i(11, 0, 10)
    Which is: 12-byte object <0B-00 00-00 00-00 00-00 0A-00 00-00>]]></failure>
    </testcase>
    <testcase name="SparseStoragePerformance" file="/Users/michaelhalloran/cube_edit/core/voxel_data/tests/test_VoxelData_requirements.cpp" line="299" status="run" result="completed" time="0.004" timestamp="2025-06-17T22:40:40.634" classname="VoxelDataRequirementsTest">
      <failure message="/Users/michaelhalloran/cube_edit/core/voxel_data/tests/test_VoxelData_requirements.cpp:332&#x0A;Expected equality of these values:&#x0A;  manager-&gt;getVoxelCount(VoxelResolution::Size_1cm)&#x0A;    Which is: 1444&#x0A;  TARGET_VOXELS&#x0A;    Which is: 10000" type=""><![CDATA[/Users/michaelhalloran/cube_edit/core/voxel_data/tests/test_VoxelData_requirements.cpp:332
Expected equality of these values:
  manager->getVoxelCount(VoxelResolution::Size_1cm)
    Which is: 1444
  TARGET_VOXELS
    Which is: 10000]]></failure>
    </testcase>
    <testcase name="CoordinateSystemConversions" file="/Users/michaelhalloran/cube_edit/core/voxel_data/tests/test_VoxelData_requirements.cpp" line="346" status="run" result="completed" time="0" timestamp="2025-06-17T22:40:40.638" classname="VoxelDataRequirementsTest" />
  </testsuite>
  <testsuite name="CollisionSimple" tests="2" failures="1" disabled="0" skipped="0" errors="0" time="0" timestamp="2025-06-17T22:40:40.638">
    <testcase name="BasicOverlap" file="/Users/michaelhalloran/cube_edit/core/voxel_data/tests/test_collision_simple.cpp" line="8" status="run" result="completed" time="0" timestamp="2025-06-17T22:40:40.638" classname="CollisionSimple" />
    <testcase name="DifferentSizeOverlap" file="/Users/michaelhalloran/cube_edit/core/voxel_data/tests/test_collision_simple.cpp" line="23" status="run" result="completed" time="0" timestamp="2025-06-17T22:40:40.638" classname="CollisionSimple">
      <failure message="/Users/michaelhalloran/cube_edit/core/voxel_data/tests/test_collision_simple.cpp:33&#x0A;Value of: manager.setVoxelAtWorldPos(VoxelEditor::Math::Vector3f(0.06f, 0.0f, 0.06f), VoxelResolution::Size_1cm, true)&#x0A;  Actual: true&#x0A;Expected: false" type=""><![CDATA[/Users/michaelhalloran/cube_edit/core/voxel_data/tests/test_collision_simple.cpp:33
Value of: manager.setVoxelAtWorldPos(VoxelEditor::Math::Vector3f(0.06f, 0.0f, 0.06f), VoxelResolution::Size_1cm, true)
  Actual: true
Expected: false]]></failure>
      <failure message="/Users/michaelhalloran/cube_edit/core/voxel_data/tests/test_collision_simple.cpp:34&#x0A;Value of: manager.setVoxelAtWorldPos(VoxelEditor::Math::Vector3f(0.21f, 0.0f, 0.21f), VoxelResolution::Size_1cm, true)&#x0A;  Actual: true&#x0A;Expected: false" type=""><![CDATA[/Users/michaelhalloran/cube_edit/core/voxel_data/tests/test_collision_simple.cpp:34
Value of: manager.setVoxelAtWorldPos(VoxelEditor::Math::Vector3f(0.21f, 0.0f, 0.21f), VoxelResolution::Size_1cm, true)
  Actual: true
Expected: false]]></failure>
    </testcase>
  </testsuite>
</testsuites>
