<?xml version="1.0" encoding="UTF-8"?>
<testsuites tests="1" failures="1" disabled="0" errors="0" time="0.001" timestamp="2025-07-16T12:54:10.288" name="AllTests">
  <testsuite name="MultiResolutionCollisionTest" tests="1" failures="1" disabled="0" skipped="0" errors="0" time="0.001" timestamp="2025-07-16T12:54:10.288">
    <testcase name="CollisionDetection_SmallVoxelInsideLargeVoxel" file="/Users/michaelhalloran/cube_edit/core/voxel_data/tests/test_unit_core_voxel_data_multi_resolution_collision.cpp" line="35" status="run" result="completed" time="0.001" timestamp="2025-07-16T12:54:10.288" classname="MultiResolutionCollisionTest">
      <failure message="/Users/michaelhalloran/cube_edit/core/voxel_data/tests/test_unit_core_voxel_data_multi_resolution_collision.cpp:57&#x0A;Value of: validation.valid&#x0A;  Actual: true&#x0A;Expected: false&#x0A;Position should be invalid (inside large voxel) for test 2" type=""><![CDATA[/Users/michaelhalloran/cube_edit/core/voxel_data/tests/test_unit_core_voxel_data_multi_resolution_collision.cpp:57
Value of: validation.valid
  Actual: true
Expected: false
Position should be invalid (inside large voxel) for test 2]]></failure>
      <failure message="/Users/michaelhalloran/cube_edit/core/voxel_data/tests/test_unit_core_voxel_data_multi_resolution_collision.cpp:61&#x0A;Value of: placed&#x0A;  Actual: true&#x0A;Expected: false&#x0A;Should not be able to place small voxel inside large voxel for test 2" type=""><![CDATA[/Users/michaelhalloran/cube_edit/core/voxel_data/tests/test_unit_core_voxel_data_multi_resolution_collision.cpp:61
Value of: placed
  Actual: true
Expected: false
Should not be able to place small voxel inside large voxel for test 2]]></failure>
      <failure message="/Users/michaelhalloran/cube_edit/core/voxel_data/tests/test_unit_core_voxel_data_multi_resolution_collision.cpp:64&#x0A;Value of: voxelManager-&gt;hasVoxel(smallPos.value(), VoxelResolution::Size_1cm)&#x0A;  Actual: true&#x0A;Expected: false&#x0A;Small voxel should not exist after failed placement for test 2" type=""><![CDATA[/Users/michaelhalloran/cube_edit/core/voxel_data/tests/test_unit_core_voxel_data_multi_resolution_collision.cpp:64
Value of: voxelManager->hasVoxel(smallPos.value(), VoxelResolution::Size_1cm)
  Actual: true
Expected: false
Small voxel should not exist after failed placement for test 2]]></failure>
    </testcase>
  </testsuite>
</testsuites>
